[05/08/2017 05:16:37] aki submitted hena with kpm 0 [CORRECT]
[05/08/2017 05:18:10] aki submitted koko with kpm 0 [CORRECT]
[05/08/2017 05:42:57] Zaki submitted Trial with kpm 0 [WRONG]
[05/08/2017 05:43:05] Zaki submitted trial with kpm 1 [CORRECT]
[05/08/2017 05:44:15] Zaki submitted trial2 with kpm 0 [CORRECT]
[05/08/2017 05:45:16] kero submitted trial2 with kpm 0 [CORRECT]
[05/08/2017 05:45:32] kero submitted trial with kpm 0 [CORRECT]
05/08/2017 05:57:23 submitted Zaki with kpm trial [ALREADY SOLVED]
[05/11/2017 15:42:18] naix submitted bake with kpm 0 [CORRECT]
[05/11/2017 15:45:35] admin submitted bake with kpm 0 [CORRECT]
[05/11/2017 15:48:48] naix submitted pypy with kpm 0 [CORRECT]
[05/12/2017 01:22:22] naix submitted static with kpm 0 [CORRECT]
[05/12/2017 04:00:49] naix submitted static with kpm 0 [WRONG]
[05/12/2017 04:00:55] naix submitted poor with kpm 1 [CORRECT]
05/12/2017 04:56:00 submitted naix with kpm poor [ALREADY SOLVED]
[05/12/2017 05:00:35] halir submitted poor with kpm 0 [CORRECT]
[05/12/2017 05:11:03] geno submitted poor with kpm 0 [CORRECT]
[05/12/2017 05:12:59] naix submitted huhu with kpm 0 [WRONG]
[05/12/2017 05:19:06] naix submitted  with kpm 0 [CORRECT]
[05/12/2017 05:26:01] geno submitted test with kpm 0 [CORRECT]
[05/19/2017 21:23:02] zaki submitted momo with kpm 0 [CORRECT]
[05/20/2017 21:46:58] Jak submitted a with kpm 0 [WRONG]
[05/20/2017 21:47:03] Jak submitted aa with kpm 1 [CORRECT]
[05/20/2017 22:18:11] zaki submitted hai with kpm 0 [CORRECT]
[05/31/2017 02:31:38] aki submitted aa with kpm 0 [CORRECT]
[06/12/2017 00:13:56] zaki submitted unit6(static) with kpm 0 [CORRECT]
[06/16/2017 09:36:22] aki submitted unit6(static) with kpm 0 [CORRECT]
[06/16/2017 10:18:03] zaki submitted unit{beacon_is_Haram} with kpm 0 [WRONG]
[06/16/2017 10:18:39] zaki submitted unit6{beacon_is_haram} with kpm 1 [CORRECT]
[06/16/2017 12:36:11] Franel submitted unit6(static) with kpm 0 [CORRECT]
[06/16/2017 12:50:26] sir submitted unit6(static) with kpm 0 [CORRECT]
[07/08/2017 22:21:34] hernes submitted unit6(static) with kpm 0 [CORRECT]
[07/08/2017 22:23:08] hernes submitted unit(heraa) with kpm 0 [WRONG]
