[05/08/2017 05:17:08] admin logged in
[05/08/2017 05:18:05] aki logged in
[05/08/2017 05:38:13] admin logged in
[05/08/2017 05:41:16] admin logged in
[05/11/2017 14:13:10] admin logged in
[05/11/2017 15:41:10] admin logged in
[05/11/2017 15:42:14] naix logged in
[05/11/2017 15:45:23] admin logged in
[05/11/2017 15:47:28] naix logged in
[05/11/2017 18:00:19] admin logged in
[05/12/2017 01:16:59] admin logged in
[05/12/2017 01:18:51] admin logged in
[05/12/2017 01:19:16] admin logged in
[05/12/2017 01:22:06] naix logged in
[05/12/2017 04:09:31] naix logged in
[05/12/2017 04:18:16] admin logged in
[05/12/2017 04:27:20] naix logged in
[05/12/2017 04:42:37] admin logged in
[05/12/2017 04:55:46] naix logged in
[05/12/2017 05:11:35] admin logged in
[05/12/2017 05:12:40] naix logged in
[05/12/2017 05:19:03] naix logged in
[05/12/2017 05:24:11] admin logged in
[05/12/2017 05:25:48] geno logged in
[05/14/2017 14:03:39] naix logged in
[05/19/2017 21:23:37] admin logged in
[05/20/2017 21:21:42] zaki logged in
[05/20/2017 21:22:09] admin logged in
[05/20/2017 21:25:28] zaki logged in
[05/20/2017 21:28:27] admin logged in
[05/20/2017 21:30:49] admin logged in
[05/20/2017 21:31:07] zaki logged in
[05/20/2017 21:37:51] admin logged in
[05/20/2017 21:40:16] zaki logged in
[05/20/2017 21:41:37] zaki logged in
[05/20/2017 21:42:26] zaki logged in
[05/20/2017 21:43:43] zaki logged in
[05/20/2017 21:43:59] zaki logged in
[05/20/2017 22:09:49] admin logged in
[05/20/2017 22:15:01] zaki logged in
[05/23/2017 17:34:51] admin logged in
[05/31/2017 02:31:17] admin logged in
[06/11/2017 22:14:19] admin logged in
[06/12/2017 00:09:53] admin logged in
[06/12/2017 00:11:08] zaki logged in
[06/12/2017 09:09:10] admin logged in
[06/12/2017 09:26:11] admin logged in
[06/16/2017 09:36:16] aki logged in
[06/16/2017 10:17:08] admin logged in
[06/16/2017 10:17:28] zaki logged in
[06/16/2017 10:18:09] admin logged in
[06/16/2017 10:18:36] zaki logged in
[06/16/2017 11:19:51] admin logged in
[06/16/2017 11:22:42] zaki logged in
[06/16/2017 11:38:49] admin logged in
[06/16/2017 12:22:13] admin logged in
[06/16/2017 12:34:27] admin logged in
[06/16/2017 12:35:58] Franel logged in
[06/16/2017 12:47:25] admin logged in
[07/07/2017 20:17:20] admin logged in
[07/07/2017 21:32:44] aki logged in
[07/08/2017 22:15:56] admin logged in
[07/08/2017 22:23:44] aki logged in
[07/08/2017 22:24:08] zaki logged in
[07/08/2017 22:26:27] admin logged in
[07/08/2017 22:59:13] zaki logged in
[07/08/2017 23:10:01] admin logged in
[07/10/2017 00:22:30] admin logged in
[07/21/2017 04:25:58] admin logged in
[08/22/2017 09:51:44] admin logged in
[08/22/2017 09:53:20] admin logged in
